e:\amr\2nd semster\ds\thecastle\dsproject_code_s2018\debug\vc141.pdb
e:\amr\2nd semster\ds\thecastle\dsproject_code_s2018\debug\vc141.idb
e:\amr\2nd semster\ds\thecastle\dsproject_code_s2018\debug\gui.sbr
e:\amr\2nd semster\ds\thecastle\dsproject_code_s2018\debug\enemy.sbr
e:\amr\2nd semster\ds\thecastle\dsproject_code_s2018\debug\demo_main.sbr
e:\amr\2nd semster\ds\thecastle\dsproject_code_s2018\debug\windowinput.sbr
e:\amr\2nd semster\ds\thecastle\dsproject_code_s2018\debug\mousequeue.sbr
e:\amr\2nd semster\ds\thecastle\dsproject_code_s2018\debug\keyqueue.sbr
e:\amr\2nd semster\ds\thecastle\dsproject_code_s2018\debug\image.sbr
e:\amr\2nd semster\ds\thecastle\dsproject_code_s2018\debug\colors.sbr
e:\amr\2nd semster\ds\thecastle\dsproject_code_s2018\debug\cmugraphics.sbr
e:\amr\2nd semster\ds\thecastle\dsproject_code_s2018\debug\auxil.sbr
e:\amr\2nd semster\ds\thecastle\dsproject_code_s2018\debug\tower.sbr
e:\amr\2nd semster\ds\thecastle\dsproject_code_s2018\debug\castle.sbr
e:\amr\2nd semster\ds\thecastle\dsproject_code_s2018\debug\battle.sbr
e:\amr\2nd semster\ds\thecastle\dsproject_code_s2018\debug\queue.sbr
e:\amr\2nd semster\ds\thecastle\dsproject_code_s2018\debug\node.sbr
e:\amr\2nd semster\ds\thecastle\dsproject_code_s2018\debug\inactiveenemies.sbr
e:\amr\2nd semster\ds\thecastle\dsproject_code_s2018\debug\activeenemies.sbr
e:\amr\2nd semster\ds\thecastle\dsproject_code_s2018\debug\activeenemies.obj
e:\amr\2nd semster\ds\thecastle\dsproject_code_s2018\debug\inactiveenemies.obj
e:\amr\2nd semster\ds\thecastle\dsproject_code_s2018\debug\node.obj
e:\amr\2nd semster\ds\thecastle\dsproject_code_s2018\debug\queue.obj
e:\amr\2nd semster\ds\thecastle\dsproject_code_s2018\debug\battle.obj
e:\amr\2nd semster\ds\thecastle\dsproject_code_s2018\debug\castle.obj
e:\amr\2nd semster\ds\thecastle\dsproject_code_s2018\debug\tower.obj
e:\amr\2nd semster\ds\thecastle\dsproject_code_s2018\debug\auxil.obj
e:\amr\2nd semster\ds\thecastle\dsproject_code_s2018\debug\cmugraphics.obj
e:\amr\2nd semster\ds\thecastle\dsproject_code_s2018\debug\colors.obj
e:\amr\2nd semster\ds\thecastle\dsproject_code_s2018\debug\image.obj
e:\amr\2nd semster\ds\thecastle\dsproject_code_s2018\debug\keyqueue.obj
e:\amr\2nd semster\ds\thecastle\dsproject_code_s2018\debug\mousequeue.obj
e:\amr\2nd semster\ds\thecastle\dsproject_code_s2018\debug\windowinput.obj
e:\amr\2nd semster\ds\thecastle\dsproject_code_s2018\debug\demo_main.obj
e:\amr\2nd semster\ds\thecastle\dsproject_code_s2018\debug\enemy.obj
e:\amr\2nd semster\ds\thecastle\dsproject_code_s2018\debug\gui.obj
e:\amr\2nd semster\ds\thecastle\dsproject_code_s2018\debug\jutils.sbr
e:\amr\2nd semster\ds\thecastle\dsproject_code_s2018\debug\jquant2.sbr
e:\amr\2nd semster\ds\thecastle\dsproject_code_s2018\debug\jquant1.sbr
e:\amr\2nd semster\ds\thecastle\dsproject_code_s2018\debug\jmemnobs.sbr
e:\amr\2nd semster\ds\thecastle\dsproject_code_s2018\debug\jmemmgr.sbr
e:\amr\2nd semster\ds\thecastle\dsproject_code_s2018\debug\jidctred.sbr
e:\amr\2nd semster\ds\thecastle\dsproject_code_s2018\debug\jidctint.sbr
e:\amr\2nd semster\ds\thecastle\dsproject_code_s2018\debug\jidctfst.sbr
e:\amr\2nd semster\ds\thecastle\dsproject_code_s2018\debug\jidctflt.sbr
e:\amr\2nd semster\ds\thecastle\dsproject_code_s2018\debug\jerror.sbr
e:\amr\2nd semster\ds\thecastle\dsproject_code_s2018\debug\jdtrans.sbr
e:\amr\2nd semster\ds\thecastle\dsproject_code_s2018\debug\jdsample.sbr
e:\amr\2nd semster\ds\thecastle\dsproject_code_s2018\debug\jdpostct.sbr
e:\amr\2nd semster\ds\thecastle\dsproject_code_s2018\debug\jdphuff.sbr
e:\amr\2nd semster\ds\thecastle\dsproject_code_s2018\debug\jdmerge.sbr
e:\amr\2nd semster\ds\thecastle\dsproject_code_s2018\debug\jdmaster.sbr
e:\amr\2nd semster\ds\thecastle\dsproject_code_s2018\debug\jdmarker.sbr
e:\amr\2nd semster\ds\thecastle\dsproject_code_s2018\debug\jdmainct.sbr
e:\amr\2nd semster\ds\thecastle\dsproject_code_s2018\debug\jdinput.sbr
e:\amr\2nd semster\ds\thecastle\dsproject_code_s2018\debug\jdhuff.sbr
e:\amr\2nd semster\ds\thecastle\dsproject_code_s2018\debug\jdhuff.obj
e:\amr\2nd semster\ds\thecastle\dsproject_code_s2018\debug\jdinput.obj
e:\amr\2nd semster\ds\thecastle\dsproject_code_s2018\debug\jdmainct.obj
e:\amr\2nd semster\ds\thecastle\dsproject_code_s2018\debug\jdmarker.obj
e:\amr\2nd semster\ds\thecastle\dsproject_code_s2018\debug\jdmaster.obj
e:\amr\2nd semster\ds\thecastle\dsproject_code_s2018\debug\jdmerge.obj
e:\amr\2nd semster\ds\thecastle\dsproject_code_s2018\debug\jdphuff.obj
e:\amr\2nd semster\ds\thecastle\dsproject_code_s2018\debug\jdpostct.obj
e:\amr\2nd semster\ds\thecastle\dsproject_code_s2018\debug\jdsample.obj
e:\amr\2nd semster\ds\thecastle\dsproject_code_s2018\debug\jdtrans.obj
e:\amr\2nd semster\ds\thecastle\dsproject_code_s2018\debug\jerror.obj
e:\amr\2nd semster\ds\thecastle\dsproject_code_s2018\debug\jidctflt.obj
e:\amr\2nd semster\ds\thecastle\dsproject_code_s2018\debug\jidctfst.obj
e:\amr\2nd semster\ds\thecastle\dsproject_code_s2018\debug\jidctint.obj
e:\amr\2nd semster\ds\thecastle\dsproject_code_s2018\debug\jidctred.obj
e:\amr\2nd semster\ds\thecastle\dsproject_code_s2018\debug\jmemmgr.obj
e:\amr\2nd semster\ds\thecastle\dsproject_code_s2018\debug\jmemnobs.obj
e:\amr\2nd semster\ds\thecastle\dsproject_code_s2018\debug\jquant1.obj
e:\amr\2nd semster\ds\thecastle\dsproject_code_s2018\debug\jquant2.obj
e:\amr\2nd semster\ds\thecastle\dsproject_code_s2018\debug\jutils.obj
e:\amr\2nd semster\ds\thecastle\dsproject_code_s2018\debug\jddctmgr.sbr
e:\amr\2nd semster\ds\thecastle\dsproject_code_s2018\debug\jdcolor.sbr
e:\amr\2nd semster\ds\thecastle\dsproject_code_s2018\debug\jdcoefct.sbr
e:\amr\2nd semster\ds\thecastle\dsproject_code_s2018\debug\jdatasrc.sbr
e:\amr\2nd semster\ds\thecastle\dsproject_code_s2018\debug\jdapistd.sbr
e:\amr\2nd semster\ds\thecastle\dsproject_code_s2018\debug\jdapimin.sbr
e:\amr\2nd semster\ds\thecastle\dsproject_code_s2018\debug\jcparam.sbr
e:\amr\2nd semster\ds\thecastle\dsproject_code_s2018\debug\jcomapi.sbr
e:\amr\2nd semster\ds\thecastle\dsproject_code_s2018\debug\jpegload.sbr
e:\amr\2nd semster\ds\thecastle\dsproject_code_s2018\debug\jpegload.obj
e:\amr\2nd semster\ds\thecastle\dsproject_code_s2018\debug\jcomapi.obj
e:\amr\2nd semster\ds\thecastle\dsproject_code_s2018\debug\jcparam.obj
e:\amr\2nd semster\ds\thecastle\dsproject_code_s2018\debug\jdapimin.obj
e:\amr\2nd semster\ds\thecastle\dsproject_code_s2018\debug\jdapistd.obj
e:\amr\2nd semster\ds\thecastle\dsproject_code_s2018\debug\jdatasrc.obj
e:\amr\2nd semster\ds\thecastle\dsproject_code_s2018\debug\jdcoefct.obj
e:\amr\2nd semster\ds\thecastle\dsproject_code_s2018\debug\jdcolor.obj
e:\amr\2nd semster\ds\thecastle\dsproject_code_s2018\debug\jddctmgr.obj
e:\amr\2nd semster\ds\thecastle\dsproject_code_s2018\debug\castledsproject.pdb
e:\amr\2nd semster\ds\thecastle\dsproject_code_s2018\debug\castledsproject.tlog\cl.command.1.tlog
e:\amr\2nd semster\ds\thecastle\dsproject_code_s2018\debug\castledsproject.tlog\cl.read.1.tlog
e:\amr\2nd semster\ds\thecastle\dsproject_code_s2018\debug\castledsproject.tlog\cl.write.1.tlog
e:\amr\2nd semster\ds\thecastle\dsproject_code_s2018\debug\castledsproject.tlog\link-cvtres.read.1.tlog
e:\amr\2nd semster\ds\thecastle\dsproject_code_s2018\debug\castledsproject.tlog\link-cvtres.write.1.tlog
e:\amr\2nd semster\ds\thecastle\dsproject_code_s2018\debug\castledsproject.tlog\link-rc.read.1.tlog
e:\amr\2nd semster\ds\thecastle\dsproject_code_s2018\debug\castledsproject.tlog\link-rc.write.1.tlog
e:\amr\2nd semster\ds\thecastle\dsproject_code_s2018\debug\castledsproject.tlog\link.command.1.tlog
e:\amr\2nd semster\ds\thecastle\dsproject_code_s2018\debug\castledsproject.tlog\link.read.1.tlog
e:\amr\2nd semster\ds\thecastle\dsproject_code_s2018\debug\castledsproject.tlog\link.write.1.tlog
